This is pdfTeX, Version 3.141592653-2.6-1.40.24 (TeX Live 2022) (preloaded format=pdflatex 2023.1.30)  13 FEB 2025 12:08
entering extended mode
 \write18 enabled.
 %&-line parsing enabled.
**MC_S3T4EcLagrange.tex
(./MC_S3T4EcLagrange.tex
LaTeX2e <2021-11-15> patch level 1
L3 programming layer <2022-02-24>
(/usr/local/texlive/2022/texmf-dist/tex/latex/beamer/beamer.cls
Document Class: beamer 2022/02/08 v3.66 A class for typesetting presentations
(/usr/local/texlive/2022/texmf-dist/tex/latex/beamer/beamerbasemodes.sty
(/usr/local/texlive/2022/texmf-dist/tex/latex/etoolbox/etoolbox.sty
Package: etoolbox 2020/10/05 v2.5k e-TeX tools for LaTeX (JAW)
\etb@tempcnta=\count185
)
\beamer@tempbox=\box50
\beamer@tempcount=\count186
\c@beamerpauses=\count187

(/usr/local/texlive/2022/texmf-dist/tex/latex/beamer/beamerbasedecode.sty
\beamer@slideinframe=\count188
\beamer@minimum=\count189
\beamer@decode@box=\box51
)
\beamer@commentbox=\box52
\beamer@modecount=\count190
)
(/usr/local/texlive/2022/texmf-dist/tex/generic/iftex/iftex.sty
Package: iftex 2022/02/03 v1.0f TeX engine tests
)
\headdp=\dimen138
\footheight=\dimen139
\sidebarheight=\dimen140
\beamer@tempdim=\dimen141
\beamer@finalheight=\dimen142
\beamer@animht=\dimen143
\beamer@animdp=\dimen144
\beamer@animwd=\dimen145
\beamer@leftmargin=\dimen146
\beamer@rightmargin=\dimen147
\beamer@leftsidebar=\dimen148
\beamer@rightsidebar=\dimen149
\beamer@boxsize=\dimen150
\beamer@vboxoffset=\dimen151
\beamer@descdefault=\dimen152
\beamer@descriptionwidth=\dimen153
\beamer@lastskip=\skip47
\beamer@areabox=\box53
\beamer@animcurrent=\box54
\beamer@animshowbox=\box55
\beamer@sectionbox=\box56
\beamer@logobox=\box57
\beamer@linebox=\box58
\beamer@sectioncount=\count191
\beamer@subsubsectionmax=\count192
\beamer@subsectionmax=\count193
\beamer@sectionmax=\count194
\beamer@totalheads=\count195
\beamer@headcounter=\count196
\beamer@partstartpage=\count197
\beamer@sectionstartpage=\count198
\beamer@subsectionstartpage=\count199
\beamer@animationtempa=\count266
\beamer@animationtempb=\count267
\beamer@xpos=\count268
\beamer@ypos=\count269
\beamer@ypos@offset=\count270
\beamer@showpartnumber=\count271
\beamer@currentsubsection=\count272
\beamer@coveringdepth=\count273
\beamer@sectionadjust=\count274
\beamer@toclastsection=\count275
\beamer@tocsectionnumber=\count276

(/usr/local/texlive/2022/texmf-dist/tex/latex/beamer/beamerbaseoptions.sty
(/usr/local/texlive/2022/texmf-dist/tex/latex/graphics/keyval.sty
Package: keyval 2014/10/28 v1.15 key=value parser (DPC)
\KV@toks@=\toks16
))
\beamer@paperwidth=\skip48
\beamer@paperheight=\skip49

(/usr/local/texlive/2022/texmf-dist/tex/latex/geometry/geometry.sty
Package: geometry 2020/01/02 v5.9 Page Geometry

(/usr/local/texlive/2022/texmf-dist/tex/generic/iftex/ifvtex.sty
Package: ifvtex 2019/10/25 v1.7 ifvtex legacy package. Use iftex instead.
)
\Gm@cnth=\count277
\Gm@cntv=\count278
\c@Gm@tempcnt=\count279
\Gm@bindingoffset=\dimen154
\Gm@wd@mp=\dimen155
\Gm@odd@mp=\dimen156
\Gm@even@mp=\dimen157
\Gm@layoutwidth=\dimen158
\Gm@layoutheight=\dimen159
\Gm@layouthoffset=\dimen160
\Gm@layoutvoffset=\dimen161
\Gm@dimlist=\toks17
)
(/usr/local/texlive/2022/texmf-dist/tex/latex/pgf/math/pgfmath.sty
(/usr/local/texlive/2022/texmf-dist/tex/latex/pgf/utilities/pgfrcs.sty
(/usr/local/texlive/2022/texmf-dist/tex/generic/pgf/utilities/pgfutil-common.te
x
\pgfutil@everybye=\toks18
\pgfutil@tempdima=\dimen162
\pgfutil@tempdimb=\dimen163

(/usr/local/texlive/2022/texmf-dist/tex/generic/pgf/utilities/pgfutil-common-li
sts.tex))
(/usr/local/texlive/2022/texmf-dist/tex/generic/pgf/utilities/pgfutil-latex.def
\pgfutil@abb=\box59
) (/usr/local/texlive/2022/texmf-dist/tex/generic/pgf/utilities/pgfrcs.code.tex
(/usr/local/texlive/2022/texmf-dist/tex/generic/pgf/pgf.revision.tex)
Package: pgfrcs 2021/05/15 v3.1.9a (3.1.9a)
))
(/usr/local/texlive/2022/texmf-dist/tex/latex/pgf/utilities/pgfkeys.sty
(/usr/local/texlive/2022/texmf-dist/tex/generic/pgf/utilities/pgfkeys.code.tex
\pgfkeys@pathtoks=\toks19
\pgfkeys@temptoks=\toks20

(/usr/local/texlive/2022/texmf-dist/tex/generic/pgf/utilities/pgfkeysfiltered.c
ode.tex
\pgfkeys@tmptoks=\toks21
)))
(/usr/local/texlive/2022/texmf-dist/tex/generic/pgf/math/pgfmath.code.tex
(/usr/local/texlive/2022/texmf-dist/tex/generic/pgf/math/pgfmathcalc.code.tex
(/usr/local/texlive/2022/texmf-dist/tex/generic/pgf/math/pgfmathutil.code.tex
\pgf@x=\dimen164
\pgf@xa=\dimen165
\pgf@xb=\dimen166
\pgf@xc=\dimen167
\pgf@y=\dimen168
\pgf@ya=\dimen169
\pgf@yb=\dimen170
\pgf@yc=\dimen171
\c@pgf@counta=\count280
\c@pgf@countb=\count281
\c@pgf@countc=\count282
\c@pgf@countd=\count283
)
(/usr/local/texlive/2022/texmf-dist/tex/generic/pgf/math/pgfmathparser.code.tex
\pgfmath@dimen=\dimen172
\pgfmath@count=\count284
\pgfmath@box=\box60
\pgfmath@toks=\toks22
\pgfmath@stack@operand=\toks23
\pgfmath@stack@operation=\toks24
)
(/usr/local/texlive/2022/texmf-dist/tex/generic/pgf/math/pgfmathfunctions.code.
tex
(/usr/local/texlive/2022/texmf-dist/tex/generic/pgf/math/pgfmathfunctions.basic
.code.tex)
(/usr/local/texlive/2022/texmf-dist/tex/generic/pgf/math/pgfmathfunctions.trigo
nometric.code.tex)
(/usr/local/texlive/2022/texmf-dist/tex/generic/pgf/math/pgfmathfunctions.rando
m.code.tex)
(/usr/local/texlive/2022/texmf-dist/tex/generic/pgf/math/pgfmathfunctions.compa
rison.code.tex)
(/usr/local/texlive/2022/texmf-dist/tex/generic/pgf/math/pgfmathfunctions.base.
code.tex)
(/usr/local/texlive/2022/texmf-dist/tex/generic/pgf/math/pgfmathfunctions.round
.code.tex)
(/usr/local/texlive/2022/texmf-dist/tex/generic/pgf/math/pgfmathfunctions.misc.
code.tex)
(/usr/local/texlive/2022/texmf-dist/tex/generic/pgf/math/pgfmathfunctions.integ
erarithmetics.code.tex)))
(/usr/local/texlive/2022/texmf-dist/tex/generic/pgf/math/pgfmathfloat.code.tex
\c@pgfmathroundto@lastzeros=\count285
))) (/usr/local/texlive/2022/texmf-dist/tex/latex/base/size11.clo
File: size11.clo 2021/10/04 v1.4n Standard LaTeX file (size option)
)
(/usr/local/texlive/2022/texmf-dist/tex/latex/pgf/basiclayer/pgfcore.sty
(/usr/local/texlive/2022/texmf-dist/tex/latex/graphics/graphicx.sty
Package: graphicx 2021/09/16 v1.2d Enhanced LaTeX Graphics (DPC,SPQR)

(/usr/local/texlive/2022/texmf-dist/tex/latex/graphics/graphics.sty
Package: graphics 2021/03/04 v1.4d Standard LaTeX Graphics (DPC,SPQR)

(/usr/local/texlive/2022/texmf-dist/tex/latex/graphics/trig.sty
Package: trig 2021/08/11 v1.11 sin cos tan (DPC)
)
(/usr/local/texlive/2022/texmf-dist/tex/latex/graphics-cfg/graphics.cfg
File: graphics.cfg 2016/06/04 v1.11 sample graphics configuration
)
Package graphics Info: Driver file: pdftex.def on input line 107.

(/usr/local/texlive/2022/texmf-dist/tex/latex/graphics-def/pdftex.def
File: pdftex.def 2020/10/05 v1.2a Graphics/color driver for pdftex
))
\Gin@req@height=\dimen173
\Gin@req@width=\dimen174
)
(/usr/local/texlive/2022/texmf-dist/tex/latex/pgf/systemlayer/pgfsys.sty
(/usr/local/texlive/2022/texmf-dist/tex/generic/pgf/systemlayer/pgfsys.code.tex
Package: pgfsys 2021/05/15 v3.1.9a (3.1.9a)
(/usr/local/texlive/2022/texmf-dist/tex/generic/pgf/utilities/pgfkeys.code.tex)
\pgf@x=\dimen175
\pgf@y=\dimen176
\pgf@xa=\dimen177
\pgf@ya=\dimen178
\pgf@xb=\dimen179
\pgf@yb=\dimen180
\pgf@xc=\dimen181
\pgf@yc=\dimen182
\pgf@xd=\dimen183
\pgf@yd=\dimen184
\w@pgf@writea=\write3
\r@pgf@reada=\read2
\c@pgf@counta=\count286
\c@pgf@countb=\count287
\c@pgf@countc=\count288
\c@pgf@countd=\count289
\t@pgf@toka=\toks25
\t@pgf@tokb=\toks26
\t@pgf@tokc=\toks27
\pgf@sys@id@count=\count290
(/usr/local/texlive/2022/texmf-dist/tex/generic/pgf/systemlayer/pgf.cfg
File: pgf.cfg 2021/05/15 v3.1.9a (3.1.9a)
)
Driver file for pgf: pgfsys-pdftex.def

(/usr/local/texlive/2022/texmf-dist/tex/generic/pgf/systemlayer/pgfsys-pdftex.d
ef
File: pgfsys-pdftex.def 2021/05/15 v3.1.9a (3.1.9a)

(/usr/local/texlive/2022/texmf-dist/tex/generic/pgf/systemlayer/pgfsys-common-p
df.def
File: pgfsys-common-pdf.def 2021/05/15 v3.1.9a (3.1.9a)
)))
(/usr/local/texlive/2022/texmf-dist/tex/generic/pgf/systemlayer/pgfsyssoftpath.
code.tex
File: pgfsyssoftpath.code.tex 2021/05/15 v3.1.9a (3.1.9a)
\pgfsyssoftpath@smallbuffer@items=\count291
\pgfsyssoftpath@bigbuffer@items=\count292
)
(/usr/local/texlive/2022/texmf-dist/tex/generic/pgf/systemlayer/pgfsysprotocol.
code.tex
File: pgfsysprotocol.code.tex 2021/05/15 v3.1.9a (3.1.9a)
)) (/usr/local/texlive/2022/texmf-dist/tex/latex/xcolor/xcolor.sty
Package: xcolor 2021/10/31 v2.13 LaTeX color extensions (UK)

(/usr/local/texlive/2022/texmf-dist/tex/latex/graphics-cfg/color.cfg
File: color.cfg 2016/01/02 v1.6 sample color configuration
)
Package xcolor Info: Driver file: pdftex.def on input line 227.
Package xcolor Info: Model `cmy' substituted by `cmy0' on input line 1352.
Package xcolor Info: Model `hsb' substituted by `rgb' on input line 1356.
Package xcolor Info: Model `RGB' extended on input line 1368.
Package xcolor Info: Model `HTML' substituted by `rgb' on input line 1370.
Package xcolor Info: Model `Hsb' substituted by `hsb' on input line 1371.
Package xcolor Info: Model `tHsb' substituted by `hsb' on input line 1372.
Package xcolor Info: Model `HSB' substituted by `hsb' on input line 1373.
Package xcolor Info: Model `Gray' substituted by `gray' on input line 1374.
Package xcolor Info: Model `wave' substituted by `hsb' on input line 1375.
)
(/usr/local/texlive/2022/texmf-dist/tex/generic/pgf/basiclayer/pgfcore.code.tex
Package: pgfcore 2021/05/15 v3.1.9a (3.1.9a)
(/usr/local/texlive/2022/texmf-dist/tex/generic/pgf/math/pgfmath.code.tex)
(/usr/local/texlive/2022/texmf-dist/tex/generic/pgf/math/pgfint.code.tex)
(/usr/local/texlive/2022/texmf-dist/tex/generic/pgf/basiclayer/pgfcorepoints.co
de.tex
File: pgfcorepoints.code.tex 2021/05/15 v3.1.9a (3.1.9a)
\pgf@picminx=\dimen185
\pgf@picmaxx=\dimen186
\pgf@picminy=\dimen187
\pgf@picmaxy=\dimen188
\pgf@pathminx=\dimen189
\pgf@pathmaxx=\dimen190
\pgf@pathminy=\dimen191
\pgf@pathmaxy=\dimen192
\pgf@xx=\dimen193
\pgf@xy=\dimen194
\pgf@yx=\dimen195
\pgf@yy=\dimen196
\pgf@zx=\dimen197
\pgf@zy=\dimen198
)
(/usr/local/texlive/2022/texmf-dist/tex/generic/pgf/basiclayer/pgfcorepathconst
ruct.code.tex
File: pgfcorepathconstruct.code.tex 2021/05/15 v3.1.9a (3.1.9a)
\pgf@path@lastx=\dimen199
\pgf@path@lasty=\dimen256
)
(/usr/local/texlive/2022/texmf-dist/tex/generic/pgf/basiclayer/pgfcorepathusage
.code.tex
File: pgfcorepathusage.code.tex 2021/05/15 v3.1.9a (3.1.9a)
\pgf@shorten@end@additional=\dimen257
\pgf@shorten@start@additional=\dimen258
)
(/usr/local/texlive/2022/texmf-dist/tex/generic/pgf/basiclayer/pgfcorescopes.co
de.tex
File: pgfcorescopes.code.tex 2021/05/15 v3.1.9a (3.1.9a)
\pgfpic=\box61
\pgf@hbox=\box62
\pgf@layerbox@main=\box63
\pgf@picture@serial@count=\count293
)
(/usr/local/texlive/2022/texmf-dist/tex/generic/pgf/basiclayer/pgfcoregraphicst
ate.code.tex
File: pgfcoregraphicstate.code.tex 2021/05/15 v3.1.9a (3.1.9a)
\pgflinewidth=\dimen259
)
(/usr/local/texlive/2022/texmf-dist/tex/generic/pgf/basiclayer/pgfcoretransform
ations.code.tex
File: pgfcoretransformations.code.tex 2021/05/15 v3.1.9a (3.1.9a)
\pgf@pt@x=\dimen260
\pgf@pt@y=\dimen261
\pgf@pt@temp=\dimen262
)
(/usr/local/texlive/2022/texmf-dist/tex/generic/pgf/basiclayer/pgfcorequick.cod
e.tex
File: pgfcorequick.code.tex 2021/05/15 v3.1.9a (3.1.9a)
)
(/usr/local/texlive/2022/texmf-dist/tex/generic/pgf/basiclayer/pgfcoreobjects.c
ode.tex
File: pgfcoreobjects.code.tex 2021/05/15 v3.1.9a (3.1.9a)
)
(/usr/local/texlive/2022/texmf-dist/tex/generic/pgf/basiclayer/pgfcorepathproce
ssing.code.tex
File: pgfcorepathprocessing.code.tex 2021/05/15 v3.1.9a (3.1.9a)
)
(/usr/local/texlive/2022/texmf-dist/tex/generic/pgf/basiclayer/pgfcorearrows.co
de.tex
File: pgfcorearrows.code.tex 2021/05/15 v3.1.9a (3.1.9a)
\pgfarrowsep=\dimen263
)
(/usr/local/texlive/2022/texmf-dist/tex/generic/pgf/basiclayer/pgfcoreshade.cod
e.tex
File: pgfcoreshade.code.tex 2021/05/15 v3.1.9a (3.1.9a)
\pgf@max=\dimen264
\pgf@sys@shading@range@num=\count294
\pgf@shadingcount=\count295
)
(/usr/local/texlive/2022/texmf-dist/tex/generic/pgf/basiclayer/pgfcoreimage.cod
e.tex
File: pgfcoreimage.code.tex 2021/05/15 v3.1.9a (3.1.9a)

(/usr/local/texlive/2022/texmf-dist/tex/generic/pgf/basiclayer/pgfcoreexternal.
code.tex
File: pgfcoreexternal.code.tex 2021/05/15 v3.1.9a (3.1.9a)
\pgfexternal@startupbox=\box64
))
(/usr/local/texlive/2022/texmf-dist/tex/generic/pgf/basiclayer/pgfcorelayers.co
de.tex
File: pgfcorelayers.code.tex 2021/05/15 v3.1.9a (3.1.9a)
)
(/usr/local/texlive/2022/texmf-dist/tex/generic/pgf/basiclayer/pgfcoretranspare
ncy.code.tex
File: pgfcoretransparency.code.tex 2021/05/15 v3.1.9a (3.1.9a)
)
(/usr/local/texlive/2022/texmf-dist/tex/generic/pgf/basiclayer/pgfcorepatterns.
code.tex
File: pgfcorepatterns.code.tex 2021/05/15 v3.1.9a (3.1.9a)
)
(/usr/local/texlive/2022/texmf-dist/tex/generic/pgf/basiclayer/pgfcorerdf.code.
tex
File: pgfcorerdf.code.tex 2021/05/15 v3.1.9a (3.1.9a)
))) (/usr/local/texlive/2022/texmf-dist/tex/latex/pgf/utilities/xxcolor.sty
Package: xxcolor 2003/10/24 ver 0.1
\XC@nummixins=\count296
\XC@countmixins=\count297
) (/usr/local/texlive/2022/texmf-dist/tex/latex/base/atbegshi-ltx.sty
Package: atbegshi-ltx 2021/01/10 v1.0c Emulation of the original atbegshi
package with kernel methods
)
(/usr/local/texlive/2022/texmf-dist/tex/latex/hyperref/hyperref.sty
Package: hyperref 2022-02-21 v7.00n Hypertext links for LaTeX

(/usr/local/texlive/2022/texmf-dist/tex/generic/ltxcmds/ltxcmds.sty
Package: ltxcmds 2020-05-10 v1.25 LaTeX kernel commands for general use (HO)
)
(/usr/local/texlive/2022/texmf-dist/tex/generic/pdftexcmds/pdftexcmds.sty
Package: pdftexcmds 2020-06-27 v0.33 Utility functions of pdfTeX for LuaTeX (HO
)

(/usr/local/texlive/2022/texmf-dist/tex/generic/infwarerr/infwarerr.sty
Package: infwarerr 2019/12/03 v1.5 Providing info/warning/error messages (HO)
)
Package pdftexcmds Info: \pdf@primitive is available.
Package pdftexcmds Info: \pdf@ifprimitive is available.
Package pdftexcmds Info: \pdfdraftmode found.
)
(/usr/local/texlive/2022/texmf-dist/tex/generic/kvsetkeys/kvsetkeys.sty
Package: kvsetkeys 2019/12/15 v1.18 Key value parser (HO)
)
(/usr/local/texlive/2022/texmf-dist/tex/generic/kvdefinekeys/kvdefinekeys.sty
Package: kvdefinekeys 2019-12-19 v1.6 Define keys (HO)
)
(/usr/local/texlive/2022/texmf-dist/tex/generic/pdfescape/pdfescape.sty
Package: pdfescape 2019/12/09 v1.15 Implements pdfTeX's escape features (HO)
)
(/usr/local/texlive/2022/texmf-dist/tex/latex/hycolor/hycolor.sty
Package: hycolor 2020-01-27 v1.10 Color options for hyperref/bookmark (HO)
)
(/usr/local/texlive/2022/texmf-dist/tex/latex/letltxmacro/letltxmacro.sty
Package: letltxmacro 2019/12/03 v1.6 Let assignment for LaTeX macros (HO)
)
(/usr/local/texlive/2022/texmf-dist/tex/latex/auxhook/auxhook.sty
Package: auxhook 2019-12-17 v1.6 Hooks for auxiliary files (HO)
)
(/usr/local/texlive/2022/texmf-dist/tex/latex/kvoptions/kvoptions.sty
Package: kvoptions 2020-10-07 v3.14 Key value format for package options (HO)
)
\@linkdim=\dimen265
\Hy@linkcounter=\count298
\Hy@pagecounter=\count299

(/usr/local/texlive/2022/texmf-dist/tex/latex/hyperref/pd1enc.def
File: pd1enc.def 2022-02-21 v7.00n Hyperref: PDFDocEncoding definition (HO)
Now handling font encoding PD1 ...
... no UTF-8 mapping file for font encoding PD1
)
(/usr/local/texlive/2022/texmf-dist/tex/generic/intcalc/intcalc.sty
Package: intcalc 2019/12/15 v1.3 Expandable calculations with integers (HO)
)
(/usr/local/texlive/2022/texmf-dist/tex/generic/etexcmds/etexcmds.sty
Package: etexcmds 2019/12/15 v1.7 Avoid name clashes with e-TeX commands (HO)
)
\Hy@SavedSpaceFactor=\count300

(/usr/local/texlive/2022/texmf-dist/tex/latex/hyperref/puenc.def
File: puenc.def 2022-02-21 v7.00n Hyperref: PDF Unicode definition (HO)
Now handling font encoding PU ...
... no UTF-8 mapping file for font encoding PU
)
Package hyperref Info: Option `bookmarks' set `true' on input line 4018.
Package hyperref Info: Option `bookmarksopen' set `true' on input line 4018.
Package hyperref Info: Option `implicit' set `false' on input line 4018.
Package hyperref Info: Hyper figures OFF on input line 4137.
Package hyperref Info: Link nesting OFF on input line 4142.
Package hyperref Info: Hyper index ON on input line 4145.
Package hyperref Info: Plain pages OFF on input line 4152.
Package hyperref Info: Backreferencing OFF on input line 4157.
Package hyperref Info: Implicit mode OFF; no redefinition of LaTeX internals.
Package hyperref Info: Bookmarks ON on input line 4390.
\c@Hy@tempcnt=\count301

(/usr/local/texlive/2022/texmf-dist/tex/latex/url/url.sty
\Urlmuskip=\muskip16
Package: url 2013/09/16  ver 3.4  Verb mode for urls, etc.
)
LaTeX Info: Redefining \url on input line 4749.
\XeTeXLinkMargin=\dimen266

(/usr/local/texlive/2022/texmf-dist/tex/generic/bitset/bitset.sty
Package: bitset 2019/12/09 v1.3 Handle bit-vector datatype (HO)

(/usr/local/texlive/2022/texmf-dist/tex/generic/bigintcalc/bigintcalc.sty
Package: bigintcalc 2019/12/15 v1.5 Expandable calculations on big integers (HO
)
))
\Fld@menulength=\count302
\Field@Width=\dimen267
\Fld@charsize=\dimen268
Package hyperref Info: Hyper figures OFF on input line 6027.
Package hyperref Info: Link nesting OFF on input line 6032.
Package hyperref Info: Hyper index ON on input line 6035.
Package hyperref Info: backreferencing OFF on input line 6042.
Package hyperref Info: Link coloring OFF on input line 6047.
Package hyperref Info: Link coloring with OCG OFF on input line 6052.
Package hyperref Info: PDF/A mode OFF on input line 6057.
LaTeX Info: Redefining \ref on input line 6097.
LaTeX Info: Redefining \pageref on input line 6101.
\Hy@abspage=\count303


Package hyperref Message: Stopped early.

)
Package hyperref Info: Driver (autodetected): hpdftex.
 (/usr/local/texlive/2022/texmf-dist/tex/latex/hyperref/hpdftex.def
File: hpdftex.def 2022-02-21 v7.00n Hyperref driver for pdfTeX

(/usr/local/texlive/2022/texmf-dist/tex/latex/base/atveryend-ltx.sty
Package: atveryend-ltx 2020/08/19 v1.0a Emulation of the original atveryend pac
kage
with kernel methods
)
\Fld@listcount=\count304
\c@bookmark@seq@number=\count305

(/usr/local/texlive/2022/texmf-dist/tex/latex/rerunfilecheck/rerunfilecheck.sty
Package: rerunfilecheck 2019/12/05 v1.9 Rerun checks for auxiliary files (HO)

(/usr/local/texlive/2022/texmf-dist/tex/generic/uniquecounter/uniquecounter.sty
Package: uniquecounter 2019/12/15 v1.4 Provide unlimited unique counter (HO)
)
Package uniquecounter Info: New unique counter `rerunfilecheck' on input line 2
86.
)) (/usr/local/texlive/2022/texmf-dist/tex/latex/beamer/beamerbaserequires.sty
(/usr/local/texlive/2022/texmf-dist/tex/latex/beamer/beamerbasecompatibility.st
y) (/usr/local/texlive/2022/texmf-dist/tex/latex/beamer/beamerbasefont.sty
(/usr/local/texlive/2022/texmf-dist/tex/latex/amsfonts/amssymb.sty
Package: amssymb 2013/01/14 v3.01 AMS font symbols

(/usr/local/texlive/2022/texmf-dist/tex/latex/amsfonts/amsfonts.sty
Package: amsfonts 2013/01/14 v3.01 Basic AMSFonts support
\@emptytoks=\toks28
\symAMSa=\mathgroup4
\symAMSb=\mathgroup5
LaTeX Font Info:    Redeclaring math symbol \hbar on input line 98.
LaTeX Font Info:    Overwriting math alphabet `\mathfrak' in version `bold'
(Font)                  U/euf/m/n --> U/euf/b/n on input line 106.
))
(/usr/local/texlive/2022/texmf-dist/tex/latex/sansmathaccent/sansmathaccent.sty
Package: sansmathaccent 2020/01/31
(/usr/local/texlive/2022/texmf-dist/tex/latex/koma-script/scrlfile.sty
Package: scrlfile 2021/11/13 v3.35 KOMA-Script package (file load hooks)

(/usr/local/texlive/2022/texmf-dist/tex/latex/koma-script/scrlfile-hook.sty
Package: scrlfile-hook 2021/11/13 v3.35 KOMA-Script package (using LaTeX hooks)


(/usr/local/texlive/2022/texmf-dist/tex/latex/koma-script/scrlogo.sty
Package: scrlogo 2021/11/13 v3.35 KOMA-Script package (logo)
)))))
(/usr/local/texlive/2022/texmf-dist/tex/latex/beamer/beamerbasetranslator.sty
(/usr/local/texlive/2022/texmf-dist/tex/latex/translator/translator.sty
Package: translator 2021-05-31 v1.12d Easy translation of strings in LaTeX
))
(/usr/local/texlive/2022/texmf-dist/tex/latex/beamer/beamerbasemisc.sty)
(/usr/local/texlive/2022/texmf-dist/tex/latex/beamer/beamerbasetwoscreens.sty)
(/usr/local/texlive/2022/texmf-dist/tex/latex/beamer/beamerbaseoverlay.sty
\beamer@argscount=\count306
\beamer@lastskipcover=\skip50
\beamer@trivlistdepth=\count307
)
(/usr/local/texlive/2022/texmf-dist/tex/latex/beamer/beamerbasetitle.sty)
(/usr/local/texlive/2022/texmf-dist/tex/latex/beamer/beamerbasesection.sty
\c@lecture=\count308
\c@part=\count309
\c@section=\count310
\c@subsection=\count311
\c@subsubsection=\count312
)
(/usr/local/texlive/2022/texmf-dist/tex/latex/beamer/beamerbaseframe.sty
\beamer@framebox=\box65
\beamer@frametitlebox=\box66
\beamer@zoombox=\box67
\beamer@zoomcount=\count313
\beamer@zoomframecount=\count314
\beamer@frametextheight=\dimen269
\c@subsectionslide=\count315
\beamer@frametopskip=\skip51
\beamer@framebottomskip=\skip52
\beamer@frametopskipautobreak=\skip53
\beamer@framebottomskipautobreak=\skip54
\beamer@envbody=\toks29
\framewidth=\dimen270
\c@framenumber=\count316
)
(/usr/local/texlive/2022/texmf-dist/tex/latex/beamer/beamerbaseverbatim.sty
\beamer@verbatimfileout=\write4
)
(/usr/local/texlive/2022/texmf-dist/tex/latex/beamer/beamerbaseframesize.sty
\beamer@splitbox=\box68
\beamer@autobreakcount=\count317
\beamer@autobreaklastheight=\dimen271
\beamer@frametitletoks=\toks30
\beamer@framesubtitletoks=\toks31
)
(/usr/local/texlive/2022/texmf-dist/tex/latex/beamer/beamerbaseframecomponents.
sty
\beamer@footins=\box69
) (/usr/local/texlive/2022/texmf-dist/tex/latex/beamer/beamerbasecolor.sty)
(/usr/local/texlive/2022/texmf-dist/tex/latex/beamer/beamerbasenotes.sty
\beamer@frameboxcopy=\box70
)
(/usr/local/texlive/2022/texmf-dist/tex/latex/beamer/beamerbasetoc.sty)
(/usr/local/texlive/2022/texmf-dist/tex/latex/beamer/beamerbasetemplates.sty
\beamer@sbttoks=\toks32

(/usr/local/texlive/2022/texmf-dist/tex/latex/beamer/beamerbaseauxtemplates.sty
(/usr/local/texlive/2022/texmf-dist/tex/latex/beamer/beamerbaseboxes.sty
\bmb@box=\box71
\bmb@colorbox=\box72
\bmb@boxwidth=\dimen272
\bmb@boxheight=\dimen273
\bmb@prevheight=\dimen274
\bmb@temp=\dimen275
\bmb@dima=\dimen276
\bmb@dimb=\dimen277
\bmb@prevheight=\dimen278
)
\beamer@blockheadheight=\dimen279
))
(/usr/local/texlive/2022/texmf-dist/tex/latex/beamer/beamerbaselocalstructure.s
ty (/usr/local/texlive/2022/texmf-dist/tex/latex/tools/enumerate.sty
Package: enumerate 2015/07/23 v3.00 enumerate extensions (DPC)
\@enLab=\toks33
)
\beamer@bibiconwidth=\skip55
\c@figure=\count318
\c@table=\count319
\abovecaptionskip=\skip56
\belowcaptionskip=\skip57
)
(/usr/local/texlive/2022/texmf-dist/tex/latex/beamer/beamerbasenavigation.sty
\beamer@section@min@dim=\dimen280
)
(/usr/local/texlive/2022/texmf-dist/tex/latex/beamer/beamerbasetheorems.sty
(/usr/local/texlive/2022/texmf-dist/tex/latex/amsmath/amsmath.sty
Package: amsmath 2021/10/15 v2.17l AMS math features
\@mathmargin=\skip58

For additional information on amsmath, use the `?' option.
(/usr/local/texlive/2022/texmf-dist/tex/latex/amsmath/amstext.sty
Package: amstext 2021/08/26 v2.01 AMS text

(/usr/local/texlive/2022/texmf-dist/tex/latex/amsmath/amsgen.sty
File: amsgen.sty 1999/11/30 v2.0 generic functions
\@emptytoks=\toks34
\ex@=\dimen281
))
(/usr/local/texlive/2022/texmf-dist/tex/latex/amsmath/amsbsy.sty
Package: amsbsy 1999/11/29 v1.2d Bold Symbols
\pmbraise@=\dimen282
)
(/usr/local/texlive/2022/texmf-dist/tex/latex/amsmath/amsopn.sty
Package: amsopn 2021/08/26 v2.02 operator names
)
\inf@bad=\count320
LaTeX Info: Redefining \frac on input line 234.
\uproot@=\count321
\leftroot@=\count322
LaTeX Info: Redefining \overline on input line 399.
\classnum@=\count323
\DOTSCASE@=\count324
LaTeX Info: Redefining \ldots on input line 496.
LaTeX Info: Redefining \dots on input line 499.
LaTeX Info: Redefining \cdots on input line 620.
\Mathstrutbox@=\box73
\strutbox@=\box74
\big@size=\dimen283
LaTeX Font Info:    Redeclaring font encoding OML on input line 743.
LaTeX Font Info:    Redeclaring font encoding OMS on input line 744.
\macc@depth=\count325
\c@MaxMatrixCols=\count326
\dotsspace@=\muskip17
\c@parentequation=\count327
\dspbrk@lvl=\count328
\tag@help=\toks35
\row@=\count329
\column@=\count330
\maxfields@=\count331
\andhelp@=\toks36
\eqnshift@=\dimen284
\alignsep@=\dimen285
\tagshift@=\dimen286
\tagwidth@=\dimen287
\totwidth@=\dimen288
\lineht@=\dimen289
\@envbody=\toks37
\multlinegap=\skip59
\multlinetaggap=\skip60
\mathdisplay@stack=\toks38
LaTeX Info: Redefining \[ on input line 2938.
LaTeX Info: Redefining \] on input line 2939.
)
(/usr/local/texlive/2022/texmf-dist/tex/latex/amscls/amsthm.sty
Package: amsthm 2020/05/29 v2.20.6
\thm@style=\toks39
\thm@bodyfont=\toks40
\thm@headfont=\toks41
\thm@notefont=\toks42
\thm@headpunct=\toks43
\thm@preskip=\skip61
\thm@postskip=\skip62
\thm@headsep=\skip63
\dth@everypar=\toks44
)
\c@theorem=\count332
)
(/usr/local/texlive/2022/texmf-dist/tex/latex/beamer/beamerbasethemes.sty))
(/usr/local/texlive/2022/texmf-dist/tex/latex/beamer/beamerthemedefault.sty
(/usr/local/texlive/2022/texmf-dist/tex/latex/beamer/beamerfontthemedefault.sty
)
(/usr/local/texlive/2022/texmf-dist/tex/latex/beamer/beamercolorthemedefault.st
y)
(/usr/local/texlive/2022/texmf-dist/tex/latex/beamer/beamerinnerthemedefault.st
y
\beamer@dima=\dimen290
\beamer@dimb=\dimen291
)
(/usr/local/texlive/2022/texmf-dist/tex/latex/beamer/beamerouterthemedefault.st
y))) (/usr/local/texlive/2022/texmf-dist/tex/latex/base/inputenc.sty
Package: inputenc 2021/02/14 v1.3d Input encoding file
\inpenc@prehook=\toks45
\inpenc@posthook=\toks46

(/usr/local/texlive/2022/texmf-dist/tex/latex/base/ansinew.def
File: ansinew.def 2021/02/14 v1.3d Input encoding file
))
(/usr/local/texlive/2022/texmf-dist/tex/generic/babel/babel.sty
Package: babel 2022/02/26 3.73 The Babel package
\babel@savecnt=\count333
\U@D=\dimen292
\l@unhyphenated=\language87

(/usr/local/texlive/2022/texmf-dist/tex/generic/babel/txtbabel.def)
\bbl@readstream=\read3
LaTeX Info: Redefining \textlatin on input line 3969.
\bbl@dirlevel=\count334

(/usr/local/texlive/2022/texmf-dist/tex/generic/babel-spanish/spanish.ldf
Language: spanish.ldf 2021/05/27 v5.0q Spanish support from the babel system
\es@quottoks=\toks47
\es@quotdepth=\count335
Package babel Info: Making " an active character on input line 570.
Package babel Info: Making . an active character on input line 675.
Package babel Info: Making < an active character on input line 722.
Package babel Info: Making > an active character on input line 722.
))
(/usr/local/texlive/2022/texmf-dist/tex/latex/doublestroke/dsfont.sty
Package: dsfont 1995/08/01 v0.1 Double stroke roman fonts
)
(/usr/local/texlive/2022/texmf-dist/tex/latex/beamer/beamerthemeMadrid.sty
(/usr/local/texlive/2022/texmf-dist/tex/latex/beamer/beamercolorthemewhale.sty)

(/usr/local/texlive/2022/texmf-dist/tex/latex/beamer/beamercolorthemeorchid.sty
)
(/usr/local/texlive/2022/texmf-dist/tex/latex/beamer/beamerinnerthemerounded.st
y)
(/usr/local/texlive/2022/texmf-dist/tex/latex/beamer/beamerouterthemeinfolines.
sty))
(/usr/local/texlive/2022/texmf-dist/tex/latex/beamer/beamercolorthemebeaver.sty
) (/usr/local/texlive/2022/texmf-dist/tex/latex/textpos/textpos.sty
Package: textpos 2020/09/26 v1.10

Package: textpos 2020/09/26 1.10, absolute positioning of text on the page
Package textpos Info: choosing support for LaTeX3 on input line 61.
\TP@textbox=\box75
\TPHorizModule=\dimen293
\TPVertModule=\dimen294
\TP@margin=\dimen295
\TP@absmargin=\dimen296
Grid set 16 x 16 = 22.7622pt x 17.07166pt
\TPboxrulesize=\dimen297
\TP@tbargs=\toks48
) (/usr/local/texlive/2022/texmf-dist/tex/latex/l3backend/l3backend-pdftex.def
File: l3backend-pdftex.def 2022-02-07 L3 backend support: PDF output (pdfTeX)
\l__color_backend_stack_int=\count336
\l__pdf_internal_box=\box76
) (./MC_S3T4EcLagrange.aux
LaTeX Info: Redefining \. on input line 25.
LaTeX Info: Redefining \% on input line 25.
)
\openout1 = `MC_S3T4EcLagrange.aux'.

LaTeX Font Info:    Checking defaults for OML/cmm/m/it on input line 19.
LaTeX Font Info:    ... okay on input line 19.
LaTeX Font Info:    Checking defaults for OMS/cmsy/m/n on input line 19.
LaTeX Font Info:    ... okay on input line 19.
LaTeX Font Info:    Checking defaults for OT1/cmr/m/n on input line 19.
LaTeX Font Info:    ... okay on input line 19.
LaTeX Font Info:    Checking defaults for T1/cmr/m/n on input line 19.
LaTeX Font Info:    ... okay on input line 19.
LaTeX Font Info:    Checking defaults for TS1/cmr/m/n on input line 19.
LaTeX Font Info:    ... okay on input line 19.
LaTeX Font Info:    Checking defaults for OMX/cmex/m/n on input line 19.
LaTeX Font Info:    ... okay on input line 19.
LaTeX Font Info:    Checking defaults for U/cmr/m/n on input line 19.
LaTeX Font Info:    ... okay on input line 19.
LaTeX Font Info:    Checking defaults for PD1/pdf/m/n on input line 19.
LaTeX Font Info:    ... okay on input line 19.
LaTeX Font Info:    Checking defaults for PU/pdf/m/n on input line 19.
LaTeX Font Info:    ... okay on input line 19.

*geometry* driver: auto-detecting
*geometry* detected driver: pdftex
*geometry* verbose mode - [ preamble ] result:
* driver: pdftex
* paper: custom
* layout: <same size as paper>
* layoutoffset:(h,v)=(0.0pt,0.0pt)
* modes: includehead includefoot 
* h-part:(L,W,R)=(10.95003pt, 342.2953pt, 10.95003pt)
* v-part:(T,H,B)=(0.0pt, 273.14662pt, 0.0pt)
* \paperwidth=364.19536pt
* \paperheight=273.14662pt
* \textwidth=342.2953pt
* \textheight=244.6939pt
* \oddsidemargin=-61.31996pt
* \evensidemargin=-61.31996pt
* \topmargin=-72.26999pt
* \headheight=14.22636pt
* \headsep=0.0pt
* \topskip=11.0pt
* \footskip=14.22636pt
* \marginparwidth=4.0pt
* \marginparsep=10.0pt
* \columnsep=10.0pt
* \skip\footins=10.0pt plus 4.0pt minus 2.0pt
* \hoffset=0.0pt
* \voffset=0.0pt
* \mag=1000
* \@twocolumnfalse
* \@twosidefalse
* \@mparswitchfalse
* \@reversemarginfalse
* (1in=72.27pt=25.4mm, 1cm=28.453pt)

(/usr/local/texlive/2022/texmf-dist/tex/context/base/mkii/supp-pdf.mkii
[Loading MPS to PDF converter (version 2006.09.02).]
\scratchcounter=\count337
\scratchdimen=\dimen298
\scratchbox=\box77
\nofMPsegments=\count338
\nofMParguments=\count339
\everyMPshowfont=\toks49
\MPscratchCnt=\count340
\MPscratchDim=\dimen299
\MPnumerator=\count341
\makeMPintoPDFobject=\count342
\everyMPtoPDFconversion=\toks50
) (/usr/local/texlive/2022/texmf-dist/tex/latex/epstopdf-pkg/epstopdf-base.sty
Package: epstopdf-base 2020-01-24 v2.11 Base part for package epstopdf
Package epstopdf-base Info: Redefining graphics rule for `.eps' on input line 4
85.

(/usr/local/texlive/2022/texmf-dist/tex/latex/latexconfig/epstopdf-sys.cfg
File: epstopdf-sys.cfg 2010/07/13 v1.3 Configuration of (r)epstopdf for TeX Liv
e
))
Package hyperref Info: Link coloring OFF on input line 19.

(/usr/local/texlive/2022/texmf-dist/tex/latex/hyperref/nameref.sty
Package: nameref 2021-04-02 v2.47 Cross-referencing by name of section

(/usr/local/texlive/2022/texmf-dist/tex/latex/refcount/refcount.sty
Package: refcount 2019/12/15 v3.6 Data extraction from label references (HO)
)
(/usr/local/texlive/2022/texmf-dist/tex/generic/gettitlestring/gettitlestring.s
ty
Package: gettitlestring 2019/12/15 v1.6 Cleanup title references (HO)
)
\c@section@level=\count343
)
LaTeX Info: Redefining \ref on input line 19.
LaTeX Info: Redefining \pageref on input line 19.
LaTeX Info: Redefining \nameref on input line 19.
 (./MC_S3T4EcLagrange.out) (./MC_S3T4EcLagrange.out)
\@outlinefile=\write5
\openout5 = `MC_S3T4EcLagrange.out'.

LaTeX Font Info:    Overwriting symbol font `operators' in version `normal'
(Font)                  OT1/cmr/m/n --> OT1/cmss/m/n on input line 19.
LaTeX Font Info:    Overwriting symbol font `operators' in version `bold'
(Font)                  OT1/cmr/bx/n --> OT1/cmss/b/n on input line 19.
\symnumbers=\mathgroup6
\sympureletters=\mathgroup7
LaTeX Font Info:    Overwriting math alphabet `\mathrm' in version `normal'
(Font)                  OT1/cmss/m/n --> OT1/cmr/m/n on input line 19.
LaTeX Font Info:    Redeclaring math alphabet \mathbf on input line 19.
LaTeX Font Info:    Overwriting math alphabet `\mathbf' in version `normal'
(Font)                  OT1/cmr/bx/n --> OT1/cmss/b/n on input line 19.
LaTeX Font Info:    Overwriting math alphabet `\mathbf' in version `bold'
(Font)                  OT1/cmr/bx/n --> OT1/cmss/b/n on input line 19.
LaTeX Font Info:    Redeclaring math alphabet \mathsf on input line 19.
LaTeX Font Info:    Overwriting math alphabet `\mathsf' in version `normal'
(Font)                  OT1/cmss/m/n --> OT1/cmss/m/n on input line 19.
LaTeX Font Info:    Overwriting math alphabet `\mathsf' in version `bold'
(Font)                  OT1/cmss/bx/n --> OT1/cmss/m/n on input line 19.
LaTeX Font Info:    Redeclaring math alphabet \mathit on input line 19.
LaTeX Font Info:    Overwriting math alphabet `\mathit' in version `normal'
(Font)                  OT1/cmr/m/it --> OT1/cmss/m/it on input line 19.
LaTeX Font Info:    Overwriting math alphabet `\mathit' in version `bold'
(Font)                  OT1/cmr/bx/it --> OT1/cmss/m/it on input line 19.
LaTeX Font Info:    Redeclaring math alphabet \mathtt on input line 19.
LaTeX Font Info:    Overwriting math alphabet `\mathtt' in version `normal'
(Font)                  OT1/cmtt/m/n --> OT1/cmtt/m/n on input line 19.
LaTeX Font Info:    Overwriting math alphabet `\mathtt' in version `bold'
(Font)                  OT1/cmtt/m/n --> OT1/cmtt/m/n on input line 19.
LaTeX Font Info:    Overwriting symbol font `numbers' in version `bold'
(Font)                  OT1/cmss/m/n --> OT1/cmss/b/n on input line 19.
LaTeX Font Info:    Overwriting symbol font `pureletters' in version `bold'
(Font)                  OT1/cmss/m/it --> OT1/cmss/b/it on input line 19.
LaTeX Font Info:    Overwriting math alphabet `\mathrm' in version `bold'
(Font)                  OT1/cmss/b/n --> OT1/cmr/b/n on input line 19.
LaTeX Font Info:    Overwriting math alphabet `\mathbf' in version `bold'
(Font)                  OT1/cmss/b/n --> OT1/cmss/b/n on input line 19.
LaTeX Font Info:    Overwriting math alphabet `\mathsf' in version `bold'
(Font)                  OT1/cmss/m/n --> OT1/cmss/b/n on input line 19.
LaTeX Font Info:    Overwriting math alphabet `\mathit' in version `bold'
(Font)                  OT1/cmss/m/it --> OT1/cmss/b/it on input line 19.
LaTeX Font Info:    Overwriting math alphabet `\mathtt' in version `bold'
(Font)                  OT1/cmtt/m/n --> OT1/cmtt/b/n on input line 19.
LaTeX Font Info:    Redeclaring symbol font `pureletters' on input line 19.
LaTeX Font Info:    Overwriting symbol font `pureletters' in version `normal'
(Font)                  OT1/cmss/m/it --> OT1/mathkerncmss/m/sl on input line 1
9.
LaTeX Font Info:    Overwriting symbol font `pureletters' in version `bold'
(Font)                  OT1/cmss/b/it --> OT1/mathkerncmss/m/sl on input line 1
9.
LaTeX Font Info:    Overwriting symbol font `pureletters' in version `bold'
(Font)                  OT1/mathkerncmss/m/sl --> OT1/mathkerncmss/bx/sl on inp
ut line 19.

(/usr/local/texlive/2022/texmf-dist/tex/latex/translator/translator-basic-dicti
onary-English.dict
Dictionary: translator-basic-dictionary, Language: English 
)
(/usr/local/texlive/2022/texmf-dist/tex/latex/translator/translator-basic-dicti
onary-Spanish.dict
Dictionary: translator-basic-dictionary, Language: Spanish 
)
(/usr/local/texlive/2022/texmf-dist/tex/latex/translator/translator-bibliograph
y-dictionary-English.dict
Dictionary: translator-bibliography-dictionary, Language: English 
)
(/usr/local/texlive/2022/texmf-dist/tex/latex/translator/translator-bibliograph
y-dictionary-Spanish.dict
Dictionary: translator-bibliography-dictionary, Language: Spanish 
)
(/usr/local/texlive/2022/texmf-dist/tex/latex/translator/translator-environment
-dictionary-English.dict
Dictionary: translator-environment-dictionary, Language: English 
)
(/usr/local/texlive/2022/texmf-dist/tex/latex/translator/translator-environment
-dictionary-Spanish.dict
Dictionary: translator-environment-dictionary, Language: Spanish 
)
(/usr/local/texlive/2022/texmf-dist/tex/latex/translator/translator-months-dict
ionary-English.dict
Dictionary: translator-months-dictionary, Language: English 
)
(/usr/local/texlive/2022/texmf-dist/tex/latex/translator/translator-months-dict
ionary-Spanish.dict
Dictionary: translator-months-dictionary, Language: Spanish 
)
(/usr/local/texlive/2022/texmf-dist/tex/latex/translator/translator-numbers-dic
tionary-English.dict
Dictionary: translator-numbers-dictionary, Language: English 
)
(/usr/local/texlive/2022/texmf-dist/tex/latex/translator/translator-numbers-dic
tionary-Spanish.dict
Dictionary: translator-numbers-dictionary, Language: Spanish 
)
(/usr/local/texlive/2022/texmf-dist/tex/latex/translator/translator-theorem-dic
tionary-English.dict
Dictionary: translator-theorem-dictionary, Language: English 
)
(/usr/local/texlive/2022/texmf-dist/tex/latex/translator/translator-theorem-dic
tionary-Spanish.dict
Dictionary: translator-theorem-dictionary, Language: Spanish 
)
LaTeX Info: Redefining \. on input line 19.
LaTeX Info: Redefining \% on input line 19.
 (./MC_S3T4EcLagrange.nav)

Package hyperref Warning: Option `pdfauthor' has already been used,
(hyperref)                setting the option has no effect on input line 22.

</Users/luisnunez/Dropbox/MisDocumentos/UIS/UISImagenInstitucional/UISLOGO.png,
 id=58, 184.5294pt x 136.1085pt>
File: /Users/luisnunez/Dropbox/MisDocumentos/UIS/UISImagenInstitucional/UISLOGO
.png Graphic file (type png)
<use /Users/luisnunez/Dropbox/MisDocumentos/UIS/UISImagenInstitucional/UISLOGO.
png>
Package pdftex.def Info: /Users/luisnunez/Dropbox/MisDocumentos/UIS/UISImagenIn
stitucional/UISLOGO.png  used on input line 28.
(pdftex.def)             Requested size: 39.19156pt x 28.90755pt.
[1

{/usr/local/texlive/2022/texmf-var/fonts/map/pdftex/updmap/pdftex.map} </Users/
luisnunez/Dropbox/MisDocumentos/UIS/UISImagenInstitucional/UISLOGO.png>]
(./MC_S3T4EcLagrange.toc
LaTeX Info: Redefining \. on input line 1.
LaTeX Info: Redefining \% on input line 1.
)
File: /Users/luisnunez/Dropbox/MisDocumentos/UIS/UISImagenInstitucional/UISLOGO
.png Graphic file (type png)
<use /Users/luisnunez/Dropbox/MisDocumentos/UIS/UISImagenInstitucional/UISLOGO.
png>
Package pdftex.def Info: /Users/luisnunez/Dropbox/MisDocumentos/UIS/UISImagenIn
stitucional/UISLOGO.png  used on input line 34.
(pdftex.def)             Requested size: 39.19156pt x 28.90755pt.
 [2

]
LaTeX Font Info:    Trying to load font information for U+msa on input line 47.


(/usr/local/texlive/2022/texmf-dist/tex/latex/amsfonts/umsa.fd
File: umsa.fd 2013/01/14 v3.01 AMS symbols A
)
LaTeX Font Info:    Trying to load font information for U+msb on input line 47.


(/usr/local/texlive/2022/texmf-dist/tex/latex/amsfonts/umsb.fd
File: umsb.fd 2013/01/14 v3.01 AMS symbols B
)
LaTeX Font Info:    Trying to load font information for OT1+mathkerncmss on inp
ut line 47.

(/usr/local/texlive/2022/texmf-dist/tex/latex/sansmathaccent/ot1mathkerncmss.fd
File: ot1mathkerncmss.fd 2020/01/31 Fontinst v1.933 font definitions for OT1/ma
thkerncmss.
)
File: /Users/luisnunez/Dropbox/MisDocumentos/UIS/UISImagenInstitucional/UISLOGO
.png Graphic file (type png)
<use /Users/luisnunez/Dropbox/MisDocumentos/UIS/UISImagenInstitucional/UISLOGO.
png>
Package pdftex.def Info: /Users/luisnunez/Dropbox/MisDocumentos/UIS/UISImagenIn
stitucional/UISLOGO.png  used on input line 47.
(pdftex.def)             Requested size: 39.19156pt x 28.90755pt.
 [3

]
File: /Users/luisnunez/Dropbox/MisDocumentos/UIS/UISImagenInstitucional/UISLOGO
.png Graphic file (type png)
<use /Users/luisnunez/Dropbox/MisDocumentos/UIS/UISImagenInstitucional/UISLOGO.
png>
Package pdftex.def Info: /Users/luisnunez/Dropbox/MisDocumentos/UIS/UISImagenIn
stitucional/UISLOGO.png  used on input line 47.
(pdftex.def)             Requested size: 39.19156pt x 28.90755pt.
 [4

]
File: /Users/luisnunez/Dropbox/MisDocumentos/UIS/UISImagenInstitucional/UISLOGO
.png Graphic file (type png)
<use /Users/luisnunez/Dropbox/MisDocumentos/UIS/UISImagenInstitucional/UISLOGO.
png>
Package pdftex.def Info: /Users/luisnunez/Dropbox/MisDocumentos/UIS/UISImagenIn
stitucional/UISLOGO.png  used on input line 47.
(pdftex.def)             Requested size: 39.19156pt x 28.90755pt.
 [5

]
File: /Users/luisnunez/Dropbox/MisDocumentos/UIS/UISImagenInstitucional/UISLOGO
.png Graphic file (type png)
<use /Users/luisnunez/Dropbox/MisDocumentos/UIS/UISImagenInstitucional/UISLOGO.
png>
Package pdftex.def Info: /Users/luisnunez/Dropbox/MisDocumentos/UIS/UISImagenIn
stitucional/UISLOGO.png  used on input line 47.
(pdftex.def)             Requested size: 39.19156pt x 28.90755pt.
 [6

]
File: /Users/luisnunez/Dropbox/MisDocumentos/UIS/UISImagenInstitucional/UISLOGO
.png Graphic file (type png)
<use /Users/luisnunez/Dropbox/MisDocumentos/UIS/UISImagenInstitucional/UISLOGO.
png>
Package pdftex.def Info: /Users/luisnunez/Dropbox/MisDocumentos/UIS/UISImagenIn
stitucional/UISLOGO.png  used on input line 66.
(pdftex.def)             Requested size: 39.19156pt x 28.90755pt.
 [7

]
File: /Users/luisnunez/Dropbox/MisDocumentos/UIS/UISImagenInstitucional/UISLOGO
.png Graphic file (type png)
<use /Users/luisnunez/Dropbox/MisDocumentos/UIS/UISImagenInstitucional/UISLOGO.
png>
Package pdftex.def Info: /Users/luisnunez/Dropbox/MisDocumentos/UIS/UISImagenIn
stitucional/UISLOGO.png  used on input line 81.
(pdftex.def)             Requested size: 39.19156pt x 28.90755pt.
 [8

]
File: /Users/luisnunez/Dropbox/MisDocumentos/UIS/UISImagenInstitucional/UISLOGO
.png Graphic file (type png)
<use /Users/luisnunez/Dropbox/MisDocumentos/UIS/UISImagenInstitucional/UISLOGO.
png>
Package pdftex.def Info: /Users/luisnunez/Dropbox/MisDocumentos/UIS/UISImagenIn
stitucional/UISLOGO.png  used on input line 81.
(pdftex.def)             Requested size: 39.19156pt x 28.90755pt.
 [9

]
File: /Users/luisnunez/Dropbox/MisDocumentos/UIS/UISImagenInstitucional/UISLOGO
.png Graphic file (type png)
<use /Users/luisnunez/Dropbox/MisDocumentos/UIS/UISImagenInstitucional/UISLOGO.
png>
Package pdftex.def Info: /Users/luisnunez/Dropbox/MisDocumentos/UIS/UISImagenIn
stitucional/UISLOGO.png  used on input line 81.
(pdftex.def)             Requested size: 39.19156pt x 28.90755pt.
 [10

]
File: /Users/luisnunez/Dropbox/MisDocumentos/UIS/UISImagenInstitucional/UISLOGO
.png Graphic file (type png)
<use /Users/luisnunez/Dropbox/MisDocumentos/UIS/UISImagenInstitucional/UISLOGO.
png>
Package pdftex.def Info: /Users/luisnunez/Dropbox/MisDocumentos/UIS/UISImagenIn
stitucional/UISLOGO.png  used on input line 81.
(pdftex.def)             Requested size: 39.19156pt x 28.90755pt.
 [11

]
File: /Users/luisnunez/Dropbox/MisDocumentos/UIS/UISImagenInstitucional/UISLOGO
.png Graphic file (type png)
<use /Users/luisnunez/Dropbox/MisDocumentos/UIS/UISImagenInstitucional/UISLOGO.
png>
Package pdftex.def Info: /Users/luisnunez/Dropbox/MisDocumentos/UIS/UISImagenIn
stitucional/UISLOGO.png  used on input line 81.
(pdftex.def)             Requested size: 39.19156pt x 28.90755pt.
 [12

]
LaTeX Font Info:    Font shape `OT1/cmss/b/n' in size <10.95> not available
(Font)              Font shape `OT1/cmss/bx/n' tried instead on input line 94.
LaTeX Font Info:    Font shape `OT1/cmss/b/n' in size <8> not available
(Font)              Font shape `OT1/cmss/bx/n' tried instead on input line 94.
LaTeX Font Info:    Font shape `OT1/cmss/b/n' in size <6> not available
(Font)              Font shape `OT1/cmss/bx/n' tried instead on input line 94.
File: /Users/luisnunez/Dropbox/MisDocumentos/UIS/UISImagenInstitucional/UISLOGO
.png Graphic file (type png)
<use /Users/luisnunez/Dropbox/MisDocumentos/UIS/UISImagenInstitucional/UISLOGO.
png>
Package pdftex.def Info: /Users/luisnunez/Dropbox/MisDocumentos/UIS/UISImagenIn
stitucional/UISLOGO.png  used on input line 94.
(pdftex.def)             Requested size: 39.19156pt x 28.90755pt.
 [13

]
File: /Users/luisnunez/Dropbox/MisDocumentos/UIS/UISImagenInstitucional/UISLOGO
.png Graphic file (type png)
<use /Users/luisnunez/Dropbox/MisDocumentos/UIS/UISImagenInstitucional/UISLOGO.
png>
Package pdftex.def Info: /Users/luisnunez/Dropbox/MisDocumentos/UIS/UISImagenIn
stitucional/UISLOGO.png  used on input line 94.
(pdftex.def)             Requested size: 39.19156pt x 28.90755pt.
 [14

]
File: /Users/luisnunez/Dropbox/MisDocumentos/UIS/UISImagenInstitucional/UISLOGO
.png Graphic file (type png)
<use /Users/luisnunez/Dropbox/MisDocumentos/UIS/UISImagenInstitucional/UISLOGO.
png>
Package pdftex.def Info: /Users/luisnunez/Dropbox/MisDocumentos/UIS/UISImagenIn
stitucional/UISLOGO.png  used on input line 94.
(pdftex.def)             Requested size: 39.19156pt x 28.90755pt.
 [15

]
File: /Users/luisnunez/Dropbox/MisDocumentos/UIS/UISImagenInstitucional/UISLOGO
.png Graphic file (type png)
<use /Users/luisnunez/Dropbox/MisDocumentos/UIS/UISImagenInstitucional/UISLOGO.
png>
Package pdftex.def Info: /Users/luisnunez/Dropbox/MisDocumentos/UIS/UISImagenIn
stitucional/UISLOGO.png  used on input line 94.
(pdftex.def)             Requested size: 39.19156pt x 28.90755pt.
 [16

]
File: /Users/luisnunez/Dropbox/MisDocumentos/UIS/UISImagenInstitucional/UISLOGO
.png Graphic file (type png)
<use /Users/luisnunez/Dropbox/MisDocumentos/UIS/UISImagenInstitucional/UISLOGO.
png>
Package pdftex.def Info: /Users/luisnunez/Dropbox/MisDocumentos/UIS/UISImagenIn
stitucional/UISLOGO.png  used on input line 94.
(pdftex.def)             Requested size: 39.19156pt x 28.90755pt.
 [17

]
File: /Users/luisnunez/Dropbox/MisDocumentos/UIS/UISImagenInstitucional/UISLOGO
.png Graphic file (type png)
<use /Users/luisnunez/Dropbox/MisDocumentos/UIS/UISImagenInstitucional/UISLOGO.
png>
Package pdftex.def Info: /Users/luisnunez/Dropbox/MisDocumentos/UIS/UISImagenIn
stitucional/UISLOGO.png  used on input line 94.
(pdftex.def)             Requested size: 39.19156pt x 28.90755pt.
 [18

]
File: /Users/luisnunez/Dropbox/MisDocumentos/UIS/UISImagenInstitucional/UISLOGO
.png Graphic file (type png)
<use /Users/luisnunez/Dropbox/MisDocumentos/UIS/UISImagenInstitucional/UISLOGO.
png>
Package pdftex.def Info: /Users/luisnunez/Dropbox/MisDocumentos/UIS/UISImagenIn
stitucional/UISLOGO.png  used on input line 107.
(pdftex.def)             Requested size: 39.19156pt x 28.90755pt.

[19

]
File: /Users/luisnunez/Dropbox/MisDocumentos/UIS/UISImagenInstitucional/UISLOGO
.png Graphic file (type png)
<use /Users/luisnunez/Dropbox/MisDocumentos/UIS/UISImagenInstitucional/UISLOGO.
png>
Package pdftex.def Info: /Users/luisnunez/Dropbox/MisDocumentos/UIS/UISImagenIn
stitucional/UISLOGO.png  used on input line 107.
(pdftex.def)             Requested size: 39.19156pt x 28.90755pt.
 [20

]
File: /Users/luisnunez/Dropbox/MisDocumentos/UIS/UISImagenInstitucional/UISLOGO
.png Graphic file (type png)
<use /Users/luisnunez/Dropbox/MisDocumentos/UIS/UISImagenInstitucional/UISLOGO.
png>
Package pdftex.def Info: /Users/luisnunez/Dropbox/MisDocumentos/UIS/UISImagenIn
stitucional/UISLOGO.png  used on input line 107.
(pdftex.def)             Requested size: 39.19156pt x 28.90755pt.
 [21

]
File: /Users/luisnunez/Dropbox/MisDocumentos/UIS/UISImagenInstitucional/UISLOGO
.png Graphic file (type png)
<use /Users/luisnunez/Dropbox/MisDocumentos/UIS/UISImagenInstitucional/UISLOGO.
png>
Package pdftex.def Info: /Users/luisnunez/Dropbox/MisDocumentos/UIS/UISImagenIn
stitucional/UISLOGO.png  used on input line 107.
(pdftex.def)             Requested size: 39.19156pt x 28.90755pt.
 [22

]
File: /Users/luisnunez/Dropbox/MisDocumentos/UIS/UISImagenInstitucional/UISLOGO
.png Graphic file (type png)
<use /Users/luisnunez/Dropbox/MisDocumentos/UIS/UISImagenInstitucional/UISLOGO.
png>
Package pdftex.def Info: /Users/luisnunez/Dropbox/MisDocumentos/UIS/UISImagenIn
stitucional/UISLOGO.png  used on input line 107.
(pdftex.def)             Requested size: 39.19156pt x 28.90755pt.
 [23

]
File: /Users/luisnunez/Dropbox/MisDocumentos/UIS/UISImagenInstitucional/UISLOGO
.png Graphic file (type png)
<use /Users/luisnunez/Dropbox/MisDocumentos/UIS/UISImagenInstitucional/UISLOGO.
png>
Package pdftex.def Info: /Users/luisnunez/Dropbox/MisDocumentos/UIS/UISImagenIn
stitucional/UISLOGO.png  used on input line 120.
(pdftex.def)             Requested size: 39.19156pt x 28.90755pt.
 [24

]
File: /Users/luisnunez/Dropbox/MisDocumentos/UIS/UISImagenInstitucional/UISLOGO
.png Graphic file (type png)
<use /Users/luisnunez/Dropbox/MisDocumentos/UIS/UISImagenInstitucional/UISLOGO.
png>
Package pdftex.def Info: /Users/luisnunez/Dropbox/MisDocumentos/UIS/UISImagenIn
stitucional/UISLOGO.png  used on input line 120.
(pdftex.def)             Requested size: 39.19156pt x 28.90755pt.
 [25

]
File: /Users/luisnunez/Dropbox/MisDocumentos/UIS/UISImagenInstitucional/UISLOGO
.png Graphic file (type png)
<use /Users/luisnunez/Dropbox/MisDocumentos/UIS/UISImagenInstitucional/UISLOGO.
png>
Package pdftex.def Info: /Users/luisnunez/Dropbox/MisDocumentos/UIS/UISImagenIn
stitucional/UISLOGO.png  used on input line 120.
(pdftex.def)             Requested size: 39.19156pt x 28.90755pt.
 [26

]
File: /Users/luisnunez/Dropbox/MisDocumentos/UIS/UISImagenInstitucional/UISLOGO
.png Graphic file (type png)
<use /Users/luisnunez/Dropbox/MisDocumentos/UIS/UISImagenInstitucional/UISLOGO.
png>
Package pdftex.def Info: /Users/luisnunez/Dropbox/MisDocumentos/UIS/UISImagenIn
stitucional/UISLOGO.png  used on input line 120.
(pdftex.def)             Requested size: 39.19156pt x 28.90755pt.
 [27

]
File: /Users/luisnunez/Dropbox/MisDocumentos/UIS/UISImagenInstitucional/UISLOGO
.png Graphic file (type png)
<use /Users/luisnunez/Dropbox/MisDocumentos/UIS/UISImagenInstitucional/UISLOGO.
png>
Package pdftex.def Info: /Users/luisnunez/Dropbox/MisDocumentos/UIS/UISImagenIn
stitucional/UISLOGO.png  used on input line 120.
(pdftex.def)             Requested size: 39.19156pt x 28.90755pt.
 [28

]
File: /Users/luisnunez/Dropbox/MisDocumentos/UIS/UISImagenInstitucional/UISLOGO
.png Graphic file (type png)
<use /Users/luisnunez/Dropbox/MisDocumentos/UIS/UISImagenInstitucional/UISLOGO.
png>
Package pdftex.def Info: /Users/luisnunez/Dropbox/MisDocumentos/UIS/UISImagenIn
stitucional/UISLOGO.png  used on input line 134.
(pdftex.def)             Requested size: 39.19156pt x 28.90755pt.
 [29

]
File: /Users/luisnunez/Dropbox/MisDocumentos/UIS/UISImagenInstitucional/UISLOGO
.png Graphic file (type png)
<use /Users/luisnunez/Dropbox/MisDocumentos/UIS/UISImagenInstitucional/UISLOGO.
png>
Package pdftex.def Info: /Users/luisnunez/Dropbox/MisDocumentos/UIS/UISImagenIn
stitucional/UISLOGO.png  used on input line 134.
(pdftex.def)             Requested size: 39.19156pt x 28.90755pt.
 [30

]
File: /Users/luisnunez/Dropbox/MisDocumentos/UIS/UISImagenInstitucional/UISLOGO
.png Graphic file (type png)
<use /Users/luisnunez/Dropbox/MisDocumentos/UIS/UISImagenInstitucional/UISLOGO.
png>
Package pdftex.def Info: /Users/luisnunez/Dropbox/MisDocumentos/UIS/UISImagenIn
stitucional/UISLOGO.png  used on input line 134.
(pdftex.def)             Requested size: 39.19156pt x 28.90755pt.
 [31

]
File: /Users/luisnunez/Dropbox/MisDocumentos/UIS/UISImagenInstitucional/UISLOGO
.png Graphic file (type png)
<use /Users/luisnunez/Dropbox/MisDocumentos/UIS/UISImagenInstitucional/UISLOGO.
png>
Package pdftex.def Info: /Users/luisnunez/Dropbox/MisDocumentos/UIS/UISImagenIn
stitucional/UISLOGO.png  used on input line 134.
(pdftex.def)             Requested size: 39.19156pt x 28.90755pt.
 [32

]
File: /Users/luisnunez/Dropbox/MisDocumentos/UIS/UISImagenInstitucional/UISLOGO
.png Graphic file (type png)
<use /Users/luisnunez/Dropbox/MisDocumentos/UIS/UISImagenInstitucional/UISLOGO.
png>
Package pdftex.def Info: /Users/luisnunez/Dropbox/MisDocumentos/UIS/UISImagenIn
stitucional/UISLOGO.png  used on input line 150.
(pdftex.def)             Requested size: 39.19156pt x 28.90755pt.
 [33

]
File: /Users/luisnunez/Dropbox/MisDocumentos/UIS/UISImagenInstitucional/UISLOGO
.png Graphic file (type png)
<use /Users/luisnunez/Dropbox/MisDocumentos/UIS/UISImagenInstitucional/UISLOGO.
png>
Package pdftex.def Info: /Users/luisnunez/Dropbox/MisDocumentos/UIS/UISImagenIn
stitucional/UISLOGO.png  used on input line 150.
(pdftex.def)             Requested size: 39.19156pt x 28.90755pt.

[34

]
File: /Users/luisnunez/Dropbox/MisDocumentos/UIS/UISImagenInstitucional/UISLOGO
.png Graphic file (type png)
<use /Users/luisnunez/Dropbox/MisDocumentos/UIS/UISImagenInstitucional/UISLOGO.
png>
Package pdftex.def Info: /Users/luisnunez/Dropbox/MisDocumentos/UIS/UISImagenIn
stitucional/UISLOGO.png  used on input line 150.
(pdftex.def)             Requested size: 39.19156pt x 28.90755pt.
 [35

]
File: /Users/luisnunez/Dropbox/MisDocumentos/UIS/UISImagenInstitucional/UISLOGO
.png Graphic file (type png)
<use /Users/luisnunez/Dropbox/MisDocumentos/UIS/UISImagenInstitucional/UISLOGO.
png>
Package pdftex.def Info: /Users/luisnunez/Dropbox/MisDocumentos/UIS/UISImagenIn
stitucional/UISLOGO.png  used on input line 150.
(pdftex.def)             Requested size: 39.19156pt x 28.90755pt.
 [36

]
File: /Users/luisnunez/Dropbox/MisDocumentos/UIS/UISImagenInstitucional/UISLOGO
.png Graphic file (type png)
<use /Users/luisnunez/Dropbox/MisDocumentos/UIS/UISImagenInstitucional/UISLOGO.
png>
Package pdftex.def Info: /Users/luisnunez/Dropbox/MisDocumentos/UIS/UISImagenIn
stitucional/UISLOGO.png  used on input line 150.
(pdftex.def)             Requested size: 39.19156pt x 28.90755pt.
 [37

]
File: /Users/luisnunez/Dropbox/MisDocumentos/UIS/UISImagenInstitucional/UISLOGO
.png Graphic file (type png)
<use /Users/luisnunez/Dropbox/MisDocumentos/UIS/UISImagenInstitucional/UISLOGO.
png>
Package pdftex.def Info: /Users/luisnunez/Dropbox/MisDocumentos/UIS/UISImagenIn
stitucional/UISLOGO.png  used on input line 150.
(pdftex.def)             Requested size: 39.19156pt x 28.90755pt.
 [38

]
File: /Users/luisnunez/Dropbox/MisDocumentos/UIS/UISImagenInstitucional/UISLOGO
.png Graphic file (type png)
<use /Users/luisnunez/Dropbox/MisDocumentos/UIS/UISImagenInstitucional/UISLOGO.
png>
Package pdftex.def Info: /Users/luisnunez/Dropbox/MisDocumentos/UIS/UISImagenIn
stitucional/UISLOGO.png  used on input line 171.
(pdftex.def)             Requested size: 39.19156pt x 28.90755pt.
 [39

]
File: /Users/luisnunez/Dropbox/MisDocumentos/UIS/UISImagenInstitucional/UISLOGO
.png Graphic file (type png)
<use /Users/luisnunez/Dropbox/MisDocumentos/UIS/UISImagenInstitucional/UISLOGO.
png>
Package pdftex.def Info: /Users/luisnunez/Dropbox/MisDocumentos/UIS/UISImagenIn
stitucional/UISLOGO.png  used on input line 171.
(pdftex.def)             Requested size: 39.19156pt x 28.90755pt.
 [40

]
File: /Users/luisnunez/Dropbox/MisDocumentos/UIS/UISImagenInstitucional/UISLOGO
.png Graphic file (type png)
<use /Users/luisnunez/Dropbox/MisDocumentos/UIS/UISImagenInstitucional/UISLOGO.
png>
Package pdftex.def Info: /Users/luisnunez/Dropbox/MisDocumentos/UIS/UISImagenIn
stitucional/UISLOGO.png  used on input line 171.
(pdftex.def)             Requested size: 39.19156pt x 28.90755pt.
 [41

]
File: /Users/luisnunez/Dropbox/MisDocumentos/UIS/UISImagenInstitucional/UISLOGO
.png Graphic file (type png)
<use /Users/luisnunez/Dropbox/MisDocumentos/UIS/UISImagenInstitucional/UISLOGO.
png>
Package pdftex.def Info: /Users/luisnunez/Dropbox/MisDocumentos/UIS/UISImagenIn
stitucional/UISLOGO.png  used on input line 171.
(pdftex.def)             Requested size: 39.19156pt x 28.90755pt.
 [42

]
LaTeX Font Info:    Font shape `OT1/cmss/b/n' in size <10> not available
(Font)              Font shape `OT1/cmss/bx/n' tried instead on input line 190.

LaTeX Font Info:    Font shape `OT1/cmss/b/n' in size <7> not available
(Font)              Font shape `OT1/cmss/bx/n' tried instead on input line 190.

LaTeX Font Info:    Font shape `OT1/cmss/b/n' in size <5> not available
(Font)              Font shape `OT1/cmss/bx/n' tried instead on input line 190.

File: /Users/luisnunez/Dropbox/MisDocumentos/UIS/UISImagenInstitucional/UISLOGO
.png Graphic file (type png)
<use /Users/luisnunez/Dropbox/MisDocumentos/UIS/UISImagenInstitucional/UISLOGO.
png>
Package pdftex.def Info: /Users/luisnunez/Dropbox/MisDocumentos/UIS/UISImagenIn
stitucional/UISLOGO.png  used on input line 190.
(pdftex.def)             Requested size: 39.19156pt x 28.90755pt.
 [43

]
File: /Users/luisnunez/Dropbox/MisDocumentos/UIS/UISImagenInstitucional/UISLOGO
.png Graphic file (type png)
<use /Users/luisnunez/Dropbox/MisDocumentos/UIS/UISImagenInstitucional/UISLOGO.
png>
Package pdftex.def Info: /Users/luisnunez/Dropbox/MisDocumentos/UIS/UISImagenIn
stitucional/UISLOGO.png  used on input line 190.
(pdftex.def)             Requested size: 39.19156pt x 28.90755pt.
 [44

]
File: /Users/luisnunez/Dropbox/MisDocumentos/UIS/UISImagenInstitucional/UISLOGO
.png Graphic file (type png)
<use /Users/luisnunez/Dropbox/MisDocumentos/UIS/UISImagenInstitucional/UISLOGO.
png>
Package pdftex.def Info: /Users/luisnunez/Dropbox/MisDocumentos/UIS/UISImagenIn
stitucional/UISLOGO.png  used on input line 190.
(pdftex.def)             Requested size: 39.19156pt x 28.90755pt.
 [45

]
File: /Users/luisnunez/Dropbox/MisDocumentos/UIS/UISImagenInstitucional/UISLOGO
.png Graphic file (type png)
<use /Users/luisnunez/Dropbox/MisDocumentos/UIS/UISImagenInstitucional/UISLOGO.
png>
Package pdftex.def Info: /Users/luisnunez/Dropbox/MisDocumentos/UIS/UISImagenIn
stitucional/UISLOGO.png  used on input line 190.
(pdftex.def)             Requested size: 39.19156pt x 28.90755pt.
 [46

]
File: /Users/luisnunez/Dropbox/MisDocumentos/UIS/UISImagenInstitucional/UISLOGO
.png Graphic file (type png)
<use /Users/luisnunez/Dropbox/MisDocumentos/UIS/UISImagenInstitucional/UISLOGO.
png>
Package pdftex.def Info: /Users/luisnunez/Dropbox/MisDocumentos/UIS/UISImagenIn
stitucional/UISLOGO.png  used on input line 190.
(pdftex.def)             Requested size: 39.19156pt x 28.90755pt.
 [47

]
\tf@nav=\write6
\openout6 = `MC_S3T4EcLagrange.nav'.

\tf@toc=\write7
\openout7 = `MC_S3T4EcLagrange.toc'.

\tf@snm=\write8
\openout8 = `MC_S3T4EcLagrange.snm'.


(./MC_S3T4EcLagrange.aux
LaTeX Info: Redefining \. on input line 25.
LaTeX Info: Redefining \% on input line 25.
)
Package rerunfilecheck Info: File `MC_S3T4EcLagrange.out' has not changed.
(rerunfilecheck)             Checksum: A6F81997C7B9C89385DF2C4F2241EB0B;1977.
 ) 
Here is how much of TeX's memory you used:
 23841 strings out of 478268
 467981 string characters out of 5846347
 737363 words of memory out of 5000000
 41434 multiletter control sequences out of 15000+600000
 483524 words of font info for 78 fonts, out of 8000000 for 9000
 1141 hyphenation exceptions out of 8191
 128i,16n,122p,498b,857s stack positions out of 10000i,1000n,20000p,200000b,200000s
</usr/local/texlive/2022/texmf-dist/fonts/type1/public/amsfonts/cm/cmex10.pfb
></usr/local/texlive/2022/texmf-dist/fonts/type1/public/amsfonts/cm/cmmi10.pfb>
</usr/local/texlive/2022/texmf-dist/fonts/type1/public/amsfonts/cm/cmmi6.pfb></
usr/local/texlive/2022/texmf-dist/fonts/type1/public/amsfonts/cm/cmmi8.pfb></us
r/local/texlive/2022/texmf-dist/fonts/type1/public/amsfonts/cm/cmr10.pfb></usr/
local/texlive/2022/texmf-dist/fonts/type1/public/amsfonts/cm/cmr8.pfb></usr/loc
al/texlive/2022/texmf-dist/fonts/type1/public/amsfonts/cm/cmss10.pfb></usr/loca
l/texlive/2022/texmf-dist/fonts/type1/public/amsfonts/cm/cmss12.pfb></usr/local
/texlive/2022/texmf-dist/fonts/type1/public/amsfonts/cm/cmss8.pfb></usr/local/t
exlive/2022/texmf-dist/fonts/type1/public/amsfonts/cm/cmssbx10.pfb></usr/local/
texlive/2022/texmf-dist/fonts/type1/public/amsfonts/cm/cmssi10.pfb></usr/local/
texlive/2022/texmf-dist/fonts/type1/public/amsfonts/cm/cmssi8.pfb></usr/local/t
exlive/2022/texmf-dist/fonts/type1/public/amsfonts/cm/cmsy10.pfb></usr/local/te
xlive/2022/texmf-dist/fonts/type1/public/amsfonts/cm/cmsy6.pfb></usr/local/texl
ive/2022/texmf-dist/fonts/type1/public/amsfonts/cm/cmsy8.pfb>
Output written on MC_S3T4EcLagrange.pdf (47 pages, 334793 bytes).
PDF statistics:
 1428 PDF objects out of 1440 (max. 8388607)
 1315 compressed objects within 14 object streams
 103 named destinations out of 1000 (max. 500000)
 166 words of extra memory for PDF output out of 10000 (max. 10000000)

